USBIP debug: Init USB context.
USBIP debug: Register hotplug callback.
USBIP debug: Get usb devices list.
USBIP debug: Get usb bus number.
USBIP debug: Get usb port number.
USBIP debug: Get usb device address.
USBIP debug: Get usb device speed.
USBIP debug: Get usb device descriptor.
USBIP debug: Get usb bus number.
USBIP debug: Get usb port number.
USBIP debug: Get usb device address.
USBIP debug: Get usb device speed.
USBIP debug: Get usb device descriptor.
USBIP debug: Get usb bus number.
USBIP debug: Get usb port number.
USBIP debug: Get usb device address.
USBIP debug: Get usb device speed.
USBIP debug: Get usb device descriptor.
USBIP debug: Get usb bus number.
USBIP debug: Get usb port number.
USBIP debug: Get usb device address.
USBIP debug: Get usb device speed.
USBIP debug: Get usb device descriptor.
USBIP debug: Get usb bus number.
USBIP debug: Get usb port number.
USBIP debug: Get usb device address.
USBIP debug: Get usb device speed.
USBIP debug: Get usb device descriptor.
USBIP debug: Get usb bus number.
USBIP debug: Get usb port number.
USBIP debug: Get usb device address.
USBIP debug: Get usb device speed.
USBIP debug: Get usb device descriptor.
USBIP debug: Get usb bus number.
USBIP debug: Get usb port number.
USBIP debug: Get usb device address.
USBIP debug: Get usb device speed.
USBIP debug: Get usb device descriptor.
USBIP debug: Get usb bus number.
USBIP debug: Get usb port number.
USBIP debug: Get usb device address.
USBIP debug: Get usb device speed.
USBIP debug: Get usb device descriptor.
USBIP debug: Get usb bus number.
USBIP debug: Get usb port number.
USBIP debug: Get usb device address.
USBIP debug: Get usb device speed.
USBIP debug: Get usb device descriptor.
USBIP debug: Get usb bus number.
USBIP debug: Get usb port number.
USBIP debug: Get usb device address.
USBIP debug: Get usb device speed.
USBIP debug: Get usb device descriptor.
USBIP debug: Free usb devices list.
USBIP warning: srvWorkThread
USBIP warning: srvWorkThread
USBIP warning: Connect to UI ip is [192.168.102.201]
USBIP error: CreateClient() Connect error[No route to host]
USBIP warning: Connect to UI ip is [192.168.102.201]
USBIP error: CreateClient() Connect error[No route to host]
USBIP warning: Connect to UI ip is [192.168.102.201]
USBIP error: CreateClient() Connect error[No route to host]
USBIP warning: Connect to UI ip is [192.168.102.201]
USBIP error: CreateClient() Connect error[No route to host]
USBIP warning: Connect to UI ip is [192.168.102.201]
USBIP error: CreateClient() Connect error[No route to host]
USBIP warning: Connect to UI ip is [192.168.102.201]
USBIP error: CreateClient() Connect error[No route to host]
USBIP debug: Init USB context.
USBIP debug: Register hotplug callback.
USBIP debug: Get usb devices list.
USBIP debug: Get usb bus number.
USBIP debug: Get usb port number.
USBIP debug: Get usb device address.
USBIP debug: Get usb device speed.
USBIP debug: Get usb device descriptor.
USBIP debug: Get usb bus number.
USBIP debug: Get usb port number.
USBIP debug: Get usb device address.
USBIP debug: Get usb device speed.
USBIP debug: Get usb device descriptor.
USBIP debug: Get usb bus number.
USBIP debug: Get usb port number.
USBIP debug: Get usb device address.
USBIP debug: Get usb device speed.
USBIP debug: Get usb device descriptor.
USBIP debug: Get usb bus number.
USBIP debug: Get usb port number.
USBIP debug: Get usb device address.
USBIP debug: Get usb device speed.
USBIP debug: Get usb device descriptor.
USBIP debug: Get usb bus number.
USBIP debug: Get usb port number.
USBIP debug: Get usb device address.
USBIP debug: Get usb device speed.
USBIP debug: Get usb device descriptor.
USBIP debug: Get usb bus number.
USBIP debug: Get usb port number.
USBIP debug: Get usb device address.
USBIP debug: Get usb device speed.
USBIP debug: Get usb device descriptor.
USBIP debug: Get usb bus number.
USBIP debug: Get usb port number.
USBIP debug: Get usb device address.
USBIP debug: Get usb device speed.
USBIP debug: Get usb device descriptor.
USBIP debug: Get usb bus number.
USBIP debug: Get usb port number.
USBIP debug: Get usb device address.
USBIP debug: Get usb device speed.
USBIP debug: Get usb device descriptor.
USBIP debug: Get usb bus number.
USBIP debug: Get usb port number.
USBIP debug: Get usb device address.
USBIP debug: Get usb device speed.
USBIP debug: Get usb device descriptor.
USBIP debug: Get usb bus number.
USBIP debug: Get usb port number.
USBIP debug: Get usb device address.
USBIP debug: Get usb device speed.
USBIP debug: Get usb device descriptor.
USBIP debug: Free usb devices list.
USBIP warning: srvWorkThread
USBIP warning: srvWorkThread
USBIP warning: Connect to UI ip is [192.168.102.201]
USBIP error: CreateClient() Connect error[No route to host]
USBIP warning: Connect to UI ip is [192.168.102.201]
USBIP error: CreateClient() Connect error[No route to host]
USBIP warning: Connect to UI ip is [192.168.102.201]
USBIP error: CreateClient() Connect error[No route to host]
USBIP warning: Connect to UI ip is [192.168.102.201]
USBIP error: CreateClient() Connect error[No route to host]
USBIP warning: Connect to UI ip is [192.168.102.201]
USBIP error: CreateClient() Connect error[No route to host]
USBIP warning: Connect to UI ip is [192.168.102.201]
USBIP error: CreateClient() Connect error[No route to host]
USBIP warning: Connect to UI ip is [192.168.102.201]
USBIP error: CreateClient() Connect error[No route to host]
USBIP warning: Connect to UI ip is [192.168.102.201]
USBIP error: CreateClient() Connect error[No route to host]
USBIP warning: Connect to UI ip is [192.168.102.201]
USBIP error: CreateClient() Connect error[No route to host]
USBIP warning: Connect to UI ip is [192.168.102.201]
USBIP error: CreateClient() Connect error[No route to host]
